\BOOKMARK [0][-]{chapter*.2}{\376\377\000V\000o\000r\000w\000o\000r\000t}{}% 1
\BOOKMARK [0][-]{chapter.1}{\376\377\000E\000i\000n\000l\000e\000i\000t\000u\000n\000g}{}% 2
\BOOKMARK [1][-]{section.1.1}{\376\377\000H\000i\000n\000t\000e\000r\000g\000r\000u\000n\000d\000\040\000u\000n\000d\000\040\000M\000o\000t\000i\000v\000a\000t\000i\000o\000n}{chapter.1}% 3
\BOOKMARK [1][-]{section.1.2}{\376\377\000Z\000i\000e\000l\000s\000e\000t\000z\000u\000n\000g}{chapter.1}% 4
\BOOKMARK [1][-]{section.1.3}{\376\377\000G\000l\000i\000e\000d\000e\000r\000u\000n\000g\000\040\000d\000e\000r\000\040\000A\000r\000b\000e\000i\000t}{chapter.1}% 5
\BOOKMARK [0][-]{chapter.2}{\376\377\000B\000e\000g\000r\000i\000f\000f\000s\000e\000r\000k\000l\000\344\000r\000u\000n\000g\000e\000n\000\040\000u\000n\000d\000\040\000D\000e\000f\000i\000n\000i\000t\000i\000o\000n\000e\000n}{}% 6
\BOOKMARK [1][-]{section.2.1}{\376\377\000E\000-\000L\000e\000a\000r\000n\000i\000n\000g}{chapter.2}% 7
\BOOKMARK [1][-]{section.2.2}{\376\377\000A\000b\000s\000t\000i\000m\000m\000u\000n\000g\000s\000s\000y\000s\000t\000e\000m\000e}{chapter.2}% 8
\BOOKMARK [1][-]{section.2.3}{\376\377\000G\000a\000m\000i\000f\000i\000z\000i\000e\000r\000u\000n\000g}{chapter.2}% 9
\BOOKMARK [0][-]{chapter.3}{\376\377\000E\000i\000n\000b\000l\000i\000c\000k\000\040\000i\000n\000\040\000E\000-\000L\000e\000a\000r\000n\000i\000n\000g}{}% 10
\BOOKMARK [1][-]{section.3.1}{\376\377\000T\000e\000c\000h\000n\000i\000k\000e\000n}{chapter.3}% 11
\BOOKMARK [2][-]{subsection.3.1.1}{\376\377\000L\000C\000M\000S}{section.3.1}% 12
\BOOKMARK [2][-]{subsection.3.1.2}{\376\377\000V\000L\000E}{section.3.1}% 13
\BOOKMARK [1][-]{section.3.2}{\376\377\000P\000r\000i\000n\000z\000i\000p\000i\000e\000n}{chapter.3}% 14
\BOOKMARK [1][-]{section.3.3}{\376\377\000B\000e\000i\000s\000p\000i\000e\000l\000e}{chapter.3}% 15
\BOOKMARK [0][-]{chapter.4}{\376\377\000A\000b\000s\000t\000i\000m\000m\000u\000n\000g\000s\000s\000y\000s\000t\000e\000m\000e}{}% 16
\BOOKMARK [1][-]{section.4.1}{\376\377\000I\000n\000p\000u\000t\000m\000e\000t\000h\000o\000d\000e\000n}{chapter.4}% 17
\BOOKMARK [2][-]{subsection.4.1.1}{\376\377\000\334\000b\000e\000r\000\040\000W\000e\000b\000o\000b\000e\000r\000f\000l\000\344\000c\000h\000e\000\040\000\050\000C\000r\000o\000s\000s\000b\000r\000o\000w\000s\000e\000r\000\051}{section.4.1}% 18
\BOOKMARK [2][-]{subsection.4.1.2}{\376\377\000\334\000b\000e\000r\000\040\000S\000i\000g\000n\000a\000l\000g\000e\000b\000e\000r\000\040\000\050\000K\000l\000i\000c\000k\000e\000r\000\051}{section.4.1}% 19
\BOOKMARK [2][-]{subsection.4.1.3}{\376\377\000\334\000b\000e\000r\000\040\000A\000p\000p}{section.4.1}% 20
\BOOKMARK [1][-]{section.4.2}{\376\377\000A\000u\000s\000w\000e\000r\000t\000u\000n\000g\000s\000s\000t\000r\000a\000t\000e\000g\000i\000e\000n}{chapter.4}% 21
\BOOKMARK [2][-]{subsection.4.2.1}{\376\377\000Z\000e\000i\000t\000b\000a\000s\000i\000e\000r\000t}{section.4.2}% 22
\BOOKMARK [2][-]{subsection.4.2.2}{\376\377\000P\000u\000n\000k\000t\000-\000/\000S\000c\000h\000w\000i\000e\000r\000i\000g\000k\000e\000i\000t\000s\000b\000a\000s\000i\000e\000r\000t}{section.4.2}% 23
\BOOKMARK [2][-]{subsection.4.2.3}{\376\377\000R\000e\000l\000a\000t\000i\000v\000\040\000z\000u\000r\000\040\000M\000a\000s\000s\000e}{section.4.2}% 24
\BOOKMARK [1][-]{section.4.3}{\376\377\000P\000r\000\344\000s\000e\000n\000t\000a\000t\000i\000o\000n\000\040\000d\000e\000r\000\040\000E\000r\000g\000e\000b\000n\000i\000s\000s\000e}{chapter.4}% 25
\BOOKMARK [2][-]{subsection.4.3.1}{\376\377\000C\000h\000a\000r\000t\000s}{section.4.3}% 26
\BOOKMARK [2][-]{subsection.4.3.2}{\376\377\000S\000t\000a\000t\000i\000s\000t\000i\000s\000c\000h\000e\000\040\000Z\000a\000h\000l\000e\000n}{section.4.3}% 27
\BOOKMARK [1][-]{section.4.4}{\376\377\000B\000e\000i\000s\000p\000i\000e\000l\000e}{chapter.4}% 28
\BOOKMARK [0][-]{chapter.5}{\376\377\000G\000a\000m\000i\000f\000i\000z\000i\000e\000r\000u\000n\000g}{}% 29
\BOOKMARK [1][-]{section.5.1}{\376\377\000W\000i\000r\000k\000u\000n\000g\000\040\000i\000n\000\040\000d\000e\000r\000\040\000L\000e\000h\000r\000e}{chapter.5}% 30
\BOOKMARK [1][-]{section.5.2}{\376\377\000T\000y\000p\000i\000s\000c\000h\000e\000\040\000G\000a\000m\000i\000f\000i\000z\000i\000e\000r\000u\000n\000g\000s\000e\000l\000e\000m\000e\000n\000t\000e}{chapter.5}% 31
\BOOKMARK [2][-]{subsection.5.2.1}{\376\377\000F\000o\000r\000t\000s\000c\000h\000r\000i\000t\000t\000s\000a\000n\000z\000e\000i\000g\000e}{section.5.2}% 32
\BOOKMARK [2][-]{subsection.5.2.2}{\376\377\000R\000a\000n\000g\000l\000i\000s\000t\000e\000n}{section.5.2}% 33
\BOOKMARK [2][-]{subsection.5.2.3}{\376\377\000Q\000u\000e\000s\000t\000s}{section.5.2}% 34
\BOOKMARK [0][-]{chapter.6}{\376\377\000K\000o\000n\000z\000e\000p\000t\000i\000o\000n\000\040\000L\000e\000r\000n\000p\000l\000a\000t\000t\000f\000o\000r\000m\000\040\000[\000N\000a\000m\000e\000]}{}% 35
\BOOKMARK [1][-]{section.6.1}{\376\377\000A\000n\000f\000o\000r\000d\000e\000r\000u\000n\000g\000e\000n}{chapter.6}% 36
\BOOKMARK [1][-]{section.6.2}{\376\377\000W\000a\000h\000l\000\040\000d\000e\000s\000\040\000p\000a\000s\000s\000e\000n\000d\000e\000n\000\040\000S\000o\000f\000t\000w\000a\000r\000e\000s\000t\000a\000c\000k\000s}{chapter.6}% 37
\BOOKMARK [2][-]{subsection.6.2.1}{\376\377\000F\000r\000o\000n\000t\000e\000n\000d}{section.6.2}% 38
\BOOKMARK [2][-]{subsection.6.2.2}{\376\377\000B\000a\000c\000k\000e\000n\000d}{section.6.2}% 39
\BOOKMARK [2][-]{subsection.6.2.3}{\376\377\000D\000a\000t\000e\000n\000b\000a\000n\000k}{section.6.2}% 40
\BOOKMARK [0][-]{chapter.7}{\376\377\000K\000o\000n\000z\000e\000p\000t\000\040\000d\000e\000s\000\040\000F\000r\000a\000m\000e\000w\000o\000r\000k\000s}{}% 41
\BOOKMARK [1][-]{section.7.1}{\376\377\000V\000o\000r\000\374\000b\000e\000r\000l\000e\000g\000u\000n\000g\000e\000n}{chapter.7}% 42
\BOOKMARK [1][-]{section.7.2}{\376\377\000S\000t\000r\000u\000k\000t\000u\000r}{chapter.7}% 43
\BOOKMARK [1][-]{section.7.3}{\376\377\000U\000m\000s\000e\000t\000z\000u\000n\000g\000?}{chapter.7}% 44
\BOOKMARK [0][-]{chapter.8}{\376\377\000A\000n\000w\000e\000n\000d\000u\000n\000g\000\040\000i\000m\000\040\000V\000e\000r\000g\000l\000e\000i\000c\000h\000\040\000z\000u\000r\000\040\000o\000r\000t\000h\000o\000d\000o\000x\000e\000n\000\040\000A\000u\000s\000b\000i\000l\000d\000u\000n\000g}{}% 45
\BOOKMARK [0][-]{appendix*.3}{\376\377\000Q\000u\000e\000l\000l\000e\000n\000v\000e\000r\000z\000e\000i\000c\000h\000n\000i\000s}{}% 46
